mode: set
yukevent/business/users/service.go:16.104,22.2 1 1
yukevent/business/users/service.go:24.67,28.16 2 1
yukevent/business/users/service.go:32.2,36.16 3 1
yukevent/business/users/service.go:39.2,39.20 1 1
yukevent/business/users/service.go:28.16,30.3 1 0
yukevent/business/users/service.go:36.16,38.3 1 0
yukevent/business/users/service.go:42.72,46.16 2 1
yukevent/business/users/service.go:50.2,52.16 2 1
yukevent/business/users/service.go:56.2,58.20 2 1
yukevent/business/users/service.go:46.16,48.3 1 1
yukevent/business/users/service.go:52.16,54.3 1 0
