mode: set
yukevent/business/events/service.go:11.52,15.2 1 1
yukevent/business/events/service.go:17.56,21.16 2 1
yukevent/business/events/service.go:25.2,25.20 1 1
yukevent/business/events/service.go:21.16,23.3 1 1
yukevent/business/events/service.go:28.77,32.16 2 1
yukevent/business/events/service.go:36.2,36.20 1 1
yukevent/business/events/service.go:32.16,34.3 1 1
yukevent/business/events/service.go:39.87,43.16 2 1
yukevent/business/events/service.go:47.2,47.20 1 1
yukevent/business/events/service.go:43.16,45.3 1 1
yukevent/business/events/service.go:50.69,54.16 2 1
yukevent/business/events/service.go:58.2,58.20 1 1
yukevent/business/events/service.go:54.16,56.3 1 1
yukevent/business/events/service.go:61.75,65.16 2 1
yukevent/business/events/service.go:69.2,69.20 1 1
yukevent/business/events/service.go:65.16,67.3 1 1
yukevent/business/events/service.go:72.61,76.16 2 1
yukevent/business/events/service.go:80.2,80.20 1 1
yukevent/business/events/service.go:76.16,78.3 1 1
yukevent/business/events/service.go:82.76,86.16 2 1
yukevent/business/events/service.go:90.2,90.20 1 1
yukevent/business/events/service.go:86.16,88.3 1 1
yukevent/business/transactions/service.go:12.52,16.2 1 1
yukevent/business/transactions/service.go:18.77,26.16 4 1
yukevent/business/transactions/service.go:30.2,30.20 1 1
yukevent/business/transactions/service.go:26.16,28.3 1 1
yukevent/business/transactions/service.go:33.64,37.16 2 1
yukevent/business/transactions/service.go:41.2,41.20 1 1
yukevent/business/transactions/service.go:37.16,39.3 1 1
yukevent/business/transactions/service.go:45.59,49.16 2 1
yukevent/business/transactions/service.go:53.2,53.20 1 1
yukevent/business/transactions/service.go:49.16,51.3 1 1
yukevent/business/transactions/service.go:56.73,60.16 2 1
yukevent/business/transactions/service.go:64.2,64.20 1 1
yukevent/business/transactions/service.go:60.16,62.3 1 1
yukevent/business/admins/service.go:16.106,22.2 1 1
yukevent/business/admins/service.go:24.68,28.16 2 1
yukevent/business/admins/service.go:32.2,36.16 3 1
yukevent/business/admins/service.go:39.2,39.20 1 1
yukevent/business/admins/service.go:28.16,30.3 1 0
yukevent/business/admins/service.go:36.16,38.3 1 1
yukevent/business/admins/service.go:42.76,46.16 2 1
yukevent/business/admins/service.go:50.2,52.16 2 1
yukevent/business/admins/service.go:56.2,58.20 2 1
yukevent/business/admins/service.go:46.16,48.3 1 1
yukevent/business/admins/service.go:52.16,54.3 1 0
yukevent/business/organizers/service.go:16.114,22.2 1 1
yukevent/business/organizers/service.go:24.72,28.16 2 1
yukevent/business/organizers/service.go:32.2,36.26 3 1
yukevent/business/organizers/service.go:40.2,40.16 1 1
yukevent/business/organizers/service.go:43.2,43.20 1 1
yukevent/business/organizers/service.go:28.16,30.3 1 0
yukevent/business/organizers/service.go:36.26,38.3 1 1
yukevent/business/organizers/service.go:40.16,42.3 1 1
yukevent/business/organizers/service.go:46.77,50.16 2 1
yukevent/business/organizers/service.go:54.2,56.16 2 1
yukevent/business/organizers/service.go:60.2,62.20 2 1
yukevent/business/organizers/service.go:50.16,52.3 1 1
yukevent/business/organizers/service.go:56.16,58.3 1 0
yukevent/business/users/service.go:16.104,22.2 1 1
yukevent/business/users/service.go:24.67,28.16 2 1
yukevent/business/users/service.go:32.2,36.16 3 1
yukevent/business/users/service.go:39.2,39.20 1 1
yukevent/business/users/service.go:28.16,30.3 1 0
yukevent/business/users/service.go:36.16,38.3 1 1
yukevent/business/users/service.go:42.72,46.16 2 1
yukevent/business/users/service.go:50.2,52.16 2 1
yukevent/business/users/service.go:56.2,58.20 2 1
yukevent/business/users/service.go:46.16,48.3 1 1
yukevent/business/users/service.go:52.16,54.3 1 0
